<?xml version="1.0" encoding="utf-8" standalone="no"?>
<!--This file represents the results of running a test suite-->
<test-results name="C:\Projects\LoweSoftware\ObjectDiff\ObjectDiff\ObjectDiff.nunit" total="4" errors="0" failures="1" not-run="0" inconclusive="0" ignored="0" skipped="0" invalid="0" date="2010-11-15" time="09:39:50">
  <environment nunit-version="2.5.5.10112" clr-version="2.0.50727.4952" os-version="Microsoft Windows NT 6.1.7600.0" platform="Win32NT" cwd="C:\Projects\LoweSoftware\ObjectDiff\ObjectDiff\bin\Debug" machine-name="ALEX-WINDOWS7" user="Alexander Lowe" user-domain="ALEX-WINDOWS7" />
  <culture-info current-culture="en-US" current-uiculture="en-US" />
  <test-suite type="Project" name="C:\Projects\LoweSoftware\ObjectDiff\ObjectDiff\ObjectDiff.nunit" executed="True" result="Failure" success="False" time="12.703" asserts="0">
    <results>
      <test-suite type="Assembly" name="C:\Projects\LoweSoftware\ObjectDiff\ObjectDiff\bin\Debug\ObjectDiff.dll" executed="True" result="Failure" success="False" time="12.703" asserts="0">
        <results>
          <test-suite type="Namespace" name="ObjectDiff" executed="True" result="Failure" success="False" time="12.703" asserts="0">
            <results>
              <test-suite type="Namespace" name="Tests" executed="True" result="Failure" success="False" time="12.703" asserts="0">
                <results>
                  <test-suite type="TestFixture" name="DiffTests" executed="True" result="Failure" success="False" time="12.687" asserts="0">
                    <results>
                      <test-case name="ObjectDiff.Tests.DiffTests.ChangeLevel1" executed="True" result="Success" success="True" time="3.953" asserts="1" />
                      <test-case name="ObjectDiff.Tests.DiffTests.ChangeLevel2" executed="True" result="Success" success="True" time="5.609" asserts="1" />
                      <test-case name="ObjectDiff.Tests.DiffTests.ListChange" executed="True" result="Failure" success="False" time="0.031" asserts="4">
                        <failure>
                          <message><![CDATA[  Expected: False
  But was:  True
]]></message>
                          <stack-trace><![CDATA[at ObjectDiff.Tests.DiffTests.ListChange() in C:\Projects\LoweSoftware\ObjectDiff\ObjectDiff\Tests\DiffTests.cs:line 148
]]></stack-trace>
                        </failure>
                      </test-case>
                      <test-case name="ObjectDiff.Tests.DiffTests.NoChange" executed="True" result="Success" success="True" time="3.016" asserts="1" />
                    </results>
                  </test-suite>
                </results>
              </test-suite>
            </results>
          </test-suite>
        </results>
      </test-suite>
    </results>
  </test-suite>
</test-results>